<?xml version="1.0" encoding="UTF-8"?>
<!-- Generated by org.testng.reporters.JUnitReportReporter -->
<testsuite hostname="DESKTOP-AOMEI0O" failures="0" tests="2" name="com.team.findinghospital.qa.testcases.URLTest" time="21.641" errors="0" timestamp="18 Apr 2021 21:26:03 GMT" skipped="0">
  <testcase classname="com.team.findinghospital.qa.testcases.URLTest" name="validURLTest" time="14.598"/>
  <testcase classname="com.team.findinghospital.qa.testcases.URLTest" name="invalidURLTest" time="7.043"/>
</testsuite> <!-- com.team.findinghospital.qa.testcases.URLTest -->
