<?xml version="1.0" encoding="UTF-8"?>
<!-- Generated by org.testng.reporters.JUnitReportReporter -->
<testsuite hostname="DESKTOP-AOMEI0O" failures="0" tests="1" name="com.team.findinghospital.qa.testcases.LandingPageTest" time="22.509" errors="0" timestamp="18 Apr 2021 21:26:03 GMT" skipped="0">
  <testcase classname="com.team.findinghospital.qa.testcases.LandingPageTest" name="inputBoxTest" time="22.509"/>
</testsuite> <!-- com.team.findinghospital.qa.testcases.LandingPageTest -->
