<?xml version="1.0" encoding="UTF-8"?>
<!-- Generated by org.testng.reporters.JUnitReportReporter -->
<testsuite hostname="DESKTOP-AOMEI0O" failures="0" tests="4" name="com.team.findinghospital.qa.testcases.CorporateWellnessPageTest" time="63.076" errors="0" timestamp="18 Apr 2021 21:26:03 GMT" skipped="0">
  <testcase classname="com.team.findinghospital.qa.testcases.CorporateWellnessPageTest" name="scheduleDemo3" time="14.621"/>
  <testcase classname="com.team.findinghospital.qa.testcases.CorporateWellnessPageTest" name="scheduleDemo2" time="16.012"/>
  <testcase classname="com.team.findinghospital.qa.testcases.CorporateWellnessPageTest" name="scheduleDemo4" time="19.231"/>
  <testcase classname="com.team.findinghospital.qa.testcases.CorporateWellnessPageTest" name="scheduleDem1" time="13.212"/>
</testsuite> <!-- com.team.findinghospital.qa.testcases.CorporateWellnessPageTest -->
