<?xml version="1.0" encoding="UTF-8"?>
<!-- Generated by org.testng.reporters.JUnitReportReporter -->
<testsuite hostname="DESKTOP-AOMEI0O" failures="0" tests="1" name="com.team.findinghospital.qa.testcases.SearchFiltersTest" time="85.861" errors="0" timestamp="18 Apr 2021 21:26:03 GMT" skipped="0">
  <testcase classname="com.team.findinghospital.qa.testcases.SearchFiltersTest" name="hospitalList" time="85.861"/>
</testsuite> <!-- com.team.findinghospital.qa.testcases.SearchFiltersTest -->
